Arguments: 
  C:\Program Files\nodejs\node.exe C:\Users\daosa\.node\corepack\yarn\1.22.15\bin\yarn.js add typeorm 0.2.24

PATH: 
  C:\Program Files\Common Files\Oracle\Java\javapath;C:\Program Files (x86)\Common Files\Oracle\Java\javapath;C:\Program Files (x86)\VMware\VMware Player\bin\;C:\Windows\system32;C:\Windows;C:\Windows\System32\Wbem;C:\Windows\System32\WindowsPowerShell\v1.0\;C:\Windows\System32\OpenSSH\;C:\Program Files (x86)\NVIDIA Corporation\PhysX\Common;C:\Program Files\NVIDIA Corporation\NVIDIA NvDLISR;C:\Program Files\Amazon\AWSCLIV2\;C:\Users\daosa\AppData\Roaming\nvm;C:\Program Files\nodejs;C:\Program Files\Git\cmd;C:\Users\daosa\.poetry\bin;C:\Program Files\Microsoft SQL Server\Client SDK\ODBC\170\Tools\Binn\;C:\Program Files (x86)\Microsoft SQL Server\150\Tools\Binn\;C:\Program Files\Microsoft SQL Server\150\Tools\Binn\;C:\Program Files\Microsoft SQL Server\150\DTS\Binn\;C:\Program Files (x86)\Microsoft SQL Server\150\DTS\Binn\;C:\Program Files\Azure Data Studio\bin;C:\Program Files\Docker\Docker\resources\bin;C:\ProgramData\DockerDesktop\version-bin;C:\ProgramData\Microsoft\Windows\Start Menu\Programs\PostgreSQL 14;C:\Program Files\PuTTY\;C:\Program Files\PostgreSQL\14\scripts;C:\Users\daosa\Desktop\automation;C:\Program Files\gettext-iconv\bin;C:\ProgramData\chocolatey\bin;C:\Program Files\OpenJDK\openjdk-11.0.15_10\bin;C:\Program Files (x86)\Yarn\bin\;C:\Android\SDK\emulator;C:\Android\SDK\tools;C:\Android\SDK\tools\bin;C:\Android\SDK\platform-tools;C:\Users\daosa\AppData\Local\Yarn\bin;C:\Users\daosa\AppData\Local\Microsoft\WindowsApps;C:\Users\daosa\AppData\Local\Programs\Microsoft VS Code\bin;C:\Program Files\JetBrains\PyCharm Community Edition 2021.2.2\bin;C:\Program Files\heroku\bin;C:\Program Files (x86)\Nmap

Yarn version: 
  1.22.15

Node version: 
  16.16.0

Platform: 
  win32 x64

Trace: 
  Error: https://registry.yarnpkg.com/0.2.24: Not found
      at Request.params.callback [as _callback] (C:\Users\daosa\.node\corepack\yarn\1.22.15\lib\cli.js:66140:18)
      at Request.self.callback (C:\Users\daosa\.node\corepack\yarn\1.22.15\lib\cli.js:140885:22)
      at Request.emit (node:events:527:28)
      at Request.<anonymous> (C:\Users\daosa\.node\corepack\yarn\1.22.15\lib\cli.js:141857:10)
      at Request.emit (node:events:527:28)
      at IncomingMessage.<anonymous> (C:\Users\daosa\.node\corepack\yarn\1.22.15\lib\cli.js:141779:12)
      at Object.onceWrapper (node:events:641:28)
      at IncomingMessage.emit (node:events:539:35)
      at endReadableNT (node:internal/streams/readable:1345:12)
      at processTicksAndRejections (node:internal/process/task_queues:83:21)

npm manifest: 
  {
    "name": "node",
    "version": "1.0.0",
    "main": "index.js",
    "license": "MIT",
    "scripts": {
      "build": "tsc",
      "dev:server": "ts-node-dev --transpile-only --inspect=4321 --ignore node_modules src/server.ts",
      "dev:debug": "ts-node-dev --transpile-only --respawn --inspect=4321 --project tsconfig.dev.json src/server.ts",
      "dev": "ts-node-dev --transpile-only --respawn --project tsconfig.dev.json src/server.ts",
      "typeorm": "ts-node-dev ./node_modules/typeorm/cli.js",
      "typeorm:migrate": "ts-node-dev ./node_modules/typeorm/cli.js migration:run -d ./src/database/datasource/AppDataSource.ts",
      "typeorm:revert": "ts-node-dev ./node_modules/typeorm/cli.js migration:revert -d ./src/database/datasource/AppDataSource.ts"
    },
    "dependencies": {
      "@nestjs/typeorm": "^9.0.0",
      "date-fns": "^2.28.0",
      "express": "^4.18.1",
      "pg": "^8.7.3",
      "reflect-metadata": "^0.1.13",
      "uuid": "^8.3.2"
    },
    "devDependencies": {
      "@types/express": "^4.17.13",
      "@types/uuid": "^8.3.4",
      "@typescript-eslint/eslint-plugin": "^5.30.6",
      "@typescript-eslint/parser": "^5.30.6",
      "eslint": "^8.19.0",
      "eslint-config-airbnb-base": "^15.0.0",
      "eslint-config-prettier": "^8.5.0",
      "eslint-import-resolver-typescript": "^3.2.6",
      "eslint-plugin-import": "2.22.1",
      "eslint-plugin-prettier": "^4.2.1",
      "prettier": "^2.7.1",
      "ts-node-dev": "^2.0.0",
      "typescript": "^4.7.4"
    }
  }

yarn manifest: 
  No manifest

Lockfile: 
  No lockfile
